C:\USERS\GABRIEL\DOCUMENTS\TEC\COMPUTACIóN Y REDES COMPUTACIONALES\LENGUAJES Y TRADUCTORES\PROYECTO FINAL\EASYHWCOMPILER\EASYHWCOMPILER\DEBUG\PROGRAMAPRINCIPAL.OBJ
C:\USERS\GABRIEL\DOCUMENTS\TEC\COMPUTACIóN Y REDES COMPUTACIONALES\LENGUAJES Y TRADUCTORES\PROYECTO FINAL\EASYHWCOMPILER\EASYHWCOMPILER\DEBUG\SCANNER.OBJ
C:\USERS\GABRIEL\DOCUMENTS\TEC\COMPUTACIóN Y REDES COMPUTACIONALES\LENGUAJES Y TRADUCTORES\PROYECTO FINAL\EASYHWCOMPILER\EASYHWCOMPILER\DEBUG\PARSER.OBJ
C:\USERS\GABRIEL\DOCUMENTS\TEC\COMPUTACIÓN Y REDES COMPUTACIONALES\LENGUAJES Y TRADUCTORES\PROYECTO FINAL\EASYHWCOMPILER\EASYHWCOMPILER\DEBUG\VC110.PDB
C:\USERS\GABRIEL\DOCUMENTS\TEC\COMPUTACIóN Y REDES COMPUTACIONALES\LENGUAJES Y TRADUCTORES\PROYECTO FINAL\EASYHWCOMPILER\DEBUG\EASYHWCOMPILER.ILK
C:\USERS\GABRIEL\DOCUMENTS\TEC\COMPUTACIóN Y REDES COMPUTACIONALES\LENGUAJES Y TRADUCTORES\PROYECTO FINAL\EASYHWCOMPILER\DEBUG\EASYHWCOMPILER.EXE
C:\USERS\GABRIEL\DOCUMENTS\TEC\COMPUTACIÓN Y REDES COMPUTACIONALES\LENGUAJES Y TRADUCTORES\PROYECTO FINAL\EASYHWCOMPILER\DEBUG\EASYHWCOMPILER.PDB
C:\Users\Gabriel\Documents\TEC\Computación y redes computacionales\Lenguajes y traductores\Proyecto final\EasyHWCompiler\EasyHWCompiler\Debug\Parser.obj
C:\Users\Gabriel\Documents\TEC\Computación y redes computacionales\Lenguajes y traductores\Proyecto final\EasyHWCompiler\EasyHWCompiler\Debug\ProgramaPrincipal.obj
C:\Users\Gabriel\Documents\TEC\Computación y redes computacionales\Lenguajes y traductores\Proyecto final\EasyHWCompiler\EasyHWCompiler\Debug\Scanner.obj
C:\Users\Gabriel\Documents\TEC\Computación y redes computacionales\Lenguajes y traductores\Proyecto final\EasyHWCompiler\EasyHWCompiler\Debug\cl.command.1.tlog
C:\Users\Gabriel\Documents\TEC\Computación y redes computacionales\Lenguajes y traductores\Proyecto final\EasyHWCompiler\EasyHWCompiler\Debug\CL.read.1.tlog
C:\Users\Gabriel\Documents\TEC\Computación y redes computacionales\Lenguajes y traductores\Proyecto final\EasyHWCompiler\EasyHWCompiler\Debug\CL.write.1.tlog
C:\Users\Gabriel\Documents\TEC\Computación y redes computacionales\Lenguajes y traductores\Proyecto final\EasyHWCompiler\EasyHWCompiler\Debug\link-cvtres.read.1.tlog
C:\Users\Gabriel\Documents\TEC\Computación y redes computacionales\Lenguajes y traductores\Proyecto final\EasyHWCompiler\EasyHWCompiler\Debug\link-cvtres.write.1.tlog
C:\Users\Gabriel\Documents\TEC\Computación y redes computacionales\Lenguajes y traductores\Proyecto final\EasyHWCompiler\EasyHWCompiler\Debug\link-rc.read.1.tlog
C:\Users\Gabriel\Documents\TEC\Computación y redes computacionales\Lenguajes y traductores\Proyecto final\EasyHWCompiler\EasyHWCompiler\Debug\link-rc.write.1.tlog
C:\Users\Gabriel\Documents\TEC\Computación y redes computacionales\Lenguajes y traductores\Proyecto final\EasyHWCompiler\EasyHWCompiler\Debug\link.1416-cvtres.read.1.tlog
C:\Users\Gabriel\Documents\TEC\Computación y redes computacionales\Lenguajes y traductores\Proyecto final\EasyHWCompiler\EasyHWCompiler\Debug\link.1416-cvtres.write.1.tlog
C:\Users\Gabriel\Documents\TEC\Computación y redes computacionales\Lenguajes y traductores\Proyecto final\EasyHWCompiler\EasyHWCompiler\Debug\link.1416-rc.read.1.tlog
C:\Users\Gabriel\Documents\TEC\Computación y redes computacionales\Lenguajes y traductores\Proyecto final\EasyHWCompiler\EasyHWCompiler\Debug\link.1416-rc.write.1.tlog
C:\Users\Gabriel\Documents\TEC\Computación y redes computacionales\Lenguajes y traductores\Proyecto final\EasyHWCompiler\EasyHWCompiler\Debug\link.1416.read.1.tlog
C:\Users\Gabriel\Documents\TEC\Computación y redes computacionales\Lenguajes y traductores\Proyecto final\EasyHWCompiler\EasyHWCompiler\Debug\link.1416.write.1.tlog
C:\Users\Gabriel\Documents\TEC\Computación y redes computacionales\Lenguajes y traductores\Proyecto final\EasyHWCompiler\EasyHWCompiler\Debug\link.3852-cvtres.read.1.tlog
C:\Users\Gabriel\Documents\TEC\Computación y redes computacionales\Lenguajes y traductores\Proyecto final\EasyHWCompiler\EasyHWCompiler\Debug\link.3852-cvtres.write.1.tlog
C:\Users\Gabriel\Documents\TEC\Computación y redes computacionales\Lenguajes y traductores\Proyecto final\EasyHWCompiler\EasyHWCompiler\Debug\link.3852-rc.read.1.tlog
C:\Users\Gabriel\Documents\TEC\Computación y redes computacionales\Lenguajes y traductores\Proyecto final\EasyHWCompiler\EasyHWCompiler\Debug\link.3852-rc.write.1.tlog
C:\Users\Gabriel\Documents\TEC\Computación y redes computacionales\Lenguajes y traductores\Proyecto final\EasyHWCompiler\EasyHWCompiler\Debug\link.3852.read.1.tlog
C:\Users\Gabriel\Documents\TEC\Computación y redes computacionales\Lenguajes y traductores\Proyecto final\EasyHWCompiler\EasyHWCompiler\Debug\link.3852.write.1.tlog
C:\Users\Gabriel\Documents\TEC\Computación y redes computacionales\Lenguajes y traductores\Proyecto final\EasyHWCompiler\EasyHWCompiler\Debug\link.4156-cvtres.read.1.tlog
C:\Users\Gabriel\Documents\TEC\Computación y redes computacionales\Lenguajes y traductores\Proyecto final\EasyHWCompiler\EasyHWCompiler\Debug\link.4156-cvtres.write.1.tlog
C:\Users\Gabriel\Documents\TEC\Computación y redes computacionales\Lenguajes y traductores\Proyecto final\EasyHWCompiler\EasyHWCompiler\Debug\link.4156-rc.read.1.tlog
C:\Users\Gabriel\Documents\TEC\Computación y redes computacionales\Lenguajes y traductores\Proyecto final\EasyHWCompiler\EasyHWCompiler\Debug\link.4156-rc.write.1.tlog
C:\Users\Gabriel\Documents\TEC\Computación y redes computacionales\Lenguajes y traductores\Proyecto final\EasyHWCompiler\EasyHWCompiler\Debug\link.4156.read.1.tlog
C:\Users\Gabriel\Documents\TEC\Computación y redes computacionales\Lenguajes y traductores\Proyecto final\EasyHWCompiler\EasyHWCompiler\Debug\link.4156.write.1.tlog
C:\Users\Gabriel\Documents\TEC\Computación y redes computacionales\Lenguajes y traductores\Proyecto final\EasyHWCompiler\EasyHWCompiler\Debug\link.4960-cvtres.read.1.tlog
C:\Users\Gabriel\Documents\TEC\Computación y redes computacionales\Lenguajes y traductores\Proyecto final\EasyHWCompiler\EasyHWCompiler\Debug\link.4960-cvtres.write.1.tlog
C:\Users\Gabriel\Documents\TEC\Computación y redes computacionales\Lenguajes y traductores\Proyecto final\EasyHWCompiler\EasyHWCompiler\Debug\link.4960-rc.read.1.tlog
C:\Users\Gabriel\Documents\TEC\Computación y redes computacionales\Lenguajes y traductores\Proyecto final\EasyHWCompiler\EasyHWCompiler\Debug\link.4960-rc.write.1.tlog
C:\Users\Gabriel\Documents\TEC\Computación y redes computacionales\Lenguajes y traductores\Proyecto final\EasyHWCompiler\EasyHWCompiler\Debug\link.4960.read.1.tlog
C:\Users\Gabriel\Documents\TEC\Computación y redes computacionales\Lenguajes y traductores\Proyecto final\EasyHWCompiler\EasyHWCompiler\Debug\link.4960.write.1.tlog
C:\Users\Gabriel\Documents\TEC\Computación y redes computacionales\Lenguajes y traductores\Proyecto final\EasyHWCompiler\EasyHWCompiler\Debug\link.6520-cvtres.read.1.tlog
C:\Users\Gabriel\Documents\TEC\Computación y redes computacionales\Lenguajes y traductores\Proyecto final\EasyHWCompiler\EasyHWCompiler\Debug\link.6520-cvtres.write.1.tlog
C:\Users\Gabriel\Documents\TEC\Computación y redes computacionales\Lenguajes y traductores\Proyecto final\EasyHWCompiler\EasyHWCompiler\Debug\link.6520-rc.read.1.tlog
C:\Users\Gabriel\Documents\TEC\Computación y redes computacionales\Lenguajes y traductores\Proyecto final\EasyHWCompiler\EasyHWCompiler\Debug\link.6520-rc.write.1.tlog
C:\Users\Gabriel\Documents\TEC\Computación y redes computacionales\Lenguajes y traductores\Proyecto final\EasyHWCompiler\EasyHWCompiler\Debug\link.6520.read.1.tlog
C:\Users\Gabriel\Documents\TEC\Computación y redes computacionales\Lenguajes y traductores\Proyecto final\EasyHWCompiler\EasyHWCompiler\Debug\link.6520.write.1.tlog
C:\Users\Gabriel\Documents\TEC\Computación y redes computacionales\Lenguajes y traductores\Proyecto final\EasyHWCompiler\EasyHWCompiler\Debug\link.command.1.tlog
C:\Users\Gabriel\Documents\TEC\Computación y redes computacionales\Lenguajes y traductores\Proyecto final\EasyHWCompiler\EasyHWCompiler\Debug\link.read.1.tlog
C:\Users\Gabriel\Documents\TEC\Computación y redes computacionales\Lenguajes y traductores\Proyecto final\EasyHWCompiler\EasyHWCompiler\Debug\link.write.1.tlog
C:\Users\Gabriel\Documents\TEC\Computación y redes computacionales\Lenguajes y traductores\Proyecto final\EasyHWCompiler\EasyHWCompiler\Debug\vc110.idb
C:\Users\Gabriel\Documents\TEC\Computación y redes computacionales\Lenguajes y traductores\Proyecto final\EasyHWCompiler\EasyHWCompiler\Debug\vc110.pdb
C:\Users\Gabriel\Documents\TEC\Computación y redes computacionales\Lenguajes y traductores\Proyecto final\EasyHWCompiler\Debug\EasyHWCompiler.pdb
C:\Users\Gabriel\Documents\TEC\Computación y redes computacionales\Lenguajes y traductores\Proyecto final\EasyHWCompiler\Debug\EasyHWCompiler.exe
C:\Users\Gabriel\Documents\TEC\Computación y redes computacionales\Lenguajes y traductores\Proyecto final\EasyHWCompiler\Debug\EasyHWCompiler.ilk
